<?xml version="1.0" encoding="UTF-8"?>
<testsuite name="testproject.CalculatorTest" tests="2" skipped="0" failures="0" errors="0" timestamp="2018-12-10T10:25:15" hostname="PC210-12" time="0.003">
  <properties/>
  <testcase name="testSum" classname="testproject.CalculatorTest" time="0.002"/>
  <testcase name="testSubtract" classname="testproject.CalculatorTest" time="0.001"/>
  <system-out><![CDATA[]]></system-out>
  <system-err><![CDATA[]]></system-err>
</testsuite>
