<?xml version="1.0" encoding="UTF-8"?>
<testsuite name="testproject.AggregatorTest" tests="3" skipped="0" failures="0" errors="0" timestamp="2018-12-10T10:25:15" hostname="PC210-12" time="0.071">
  <properties/>
  <testcase name="testInitialState" classname="testproject.AggregatorTest" time="0.071"/>
  <testcase name="testMultipleAdditions" classname="testproject.AggregatorTest" time="0.0"/>
  <testcase name="testSingleAddition" classname="testproject.AggregatorTest" time="0.0"/>
  <system-out><![CDATA[]]></system-out>
  <system-err><![CDATA[]]></system-err>
</testsuite>
 
